<?xml version="1.0" encoding="UTF-8"?>
<!-- Generated by org.testng.reporters.JUnitXMLReporter -->
<testsuite ignored="4" hostname="DESKTOP-ES6GPGC" failures="0" tests="8" name="chromeTest" time="15.699" errors="0" timestamp="2024-06-26T05:41:18 IST">
  <testcase classname="testcase.Tc_loginfuction_001" name="browserlunch" time="6.187"/>
  <testcase classname="testcase.Tc_loginfuction_001" name="login" time="6.342"/>
  <testcase classname="testcase.Tc_sortitem_002" name="sort1" time="0.252"/>
  <testcase classname="testcase.Tc_sortitem_002" name="sort2" time="0.189"/>
  <testcase classname="testcase.Tc_sortitem_002" name="sort3" time="0.174"/>
  <testcase classname="testcase.Tc_addtocart_003" name="cart" time="2.191"/>
  <testcase classname="testcase.Tc_checkout_004" name="checkout" time="0.27"/>
  <testcase classname="testcase.Tc_priceview_005" name="price" time="0.044"/>
  <testcase classname="testcase.Baseclass" name="@AfterSuite teardown" time="0.0">
    <ignored/>
  </testcase> <!-- @AfterSuite teardown -->
  <testcase classname="testcase.Baseclass" name="@AfterSuite teardown" time="0.0">
    <ignored/>
  </testcase> <!-- @AfterSuite teardown -->
  <testcase classname="testcase.Baseclass" name="@AfterSuite teardown" time="0.0">
    <ignored/>
  </testcase> <!-- @AfterSuite teardown -->
  <testcase classname="testcase.Baseclass" name="@AfterSuite teardown" time="0.0">
    <ignored/>
  </testcase> <!-- @AfterSuite teardown -->
</testsuite> <!-- chromeTest -->
