<?xml version="1.0" encoding="UTF-8"?>
<!-- Generated by org.testng.reporters.JUnitXMLReporter -->
<testsuite ignored="8" hostname="DESKTOP-ES6GPGC" failures="1" tests="7" name="Test" time="9.63" errors="0" timestamp="2024-05-28T07:42:28 IST">
  <testcase classname="testcase.Tc_loginfuction_001" name="login" time="6.301"/>
  <testcase classname="testcase.Tc_sortitem_002" name="sort1" time="0.234"/>
  <testcase classname="testcase.Tc_sortitem_002" name="sort2" time="0.186"/>
  <testcase classname="testcase.Tc_sortitem_002" name="sort3" time="0.179"/>
  <testcase classname="testcase.Tc_addtocart_003" name="cart" time="2.198"/>
  <testcase classname="testcase.Tc_checkout_004" name="checkout" time="0.274"/>
  <testcase classname="testcase.Tc_priceview_005" name="price" time="0.038">
    <failure type="java.lang.AssertionError" message="expected [delivery] but found [Test.allTheThings() T-Shirt (Red)]">
      <![CDATA[java.lang.AssertionError: expected [delivery] but found [Test.allTheThings() T-Shirt (Red)]
at testcase.Tc_priceview_005.price(Tc_priceview_005.java:18)
at java.base/java.util.ArrayList.forEach(ArrayList.java:1511)
... Removed 33 stack frames]]>
    </failure>
  </testcase> <!-- price -->
  <testcase classname="testcase.Baseclass" name="@BeforeSuite setup" time="0.0">
    <ignored/>
  </testcase> <!-- @BeforeSuite setup -->
  <testcase classname="testcase.Baseclass" name="@BeforeSuite setup" time="0.0">
    <ignored/>
  </testcase> <!-- @BeforeSuite setup -->
  <testcase classname="testcase.Baseclass" name="@BeforeSuite setup" time="0.0">
    <ignored/>
  </testcase> <!-- @BeforeSuite setup -->
  <testcase classname="testcase.Baseclass" name="@BeforeSuite setup" time="0.0">
    <ignored/>
  </testcase> <!-- @BeforeSuite setup -->
  <testcase classname="testcase.Baseclass" name="@AfterSuite teardown" time="0.0">
    <ignored/>
  </testcase> <!-- @AfterSuite teardown -->
  <testcase classname="testcase.Baseclass" name="@AfterSuite teardown" time="0.0">
    <ignored/>
  </testcase> <!-- @AfterSuite teardown -->
  <testcase classname="testcase.Baseclass" name="@AfterSuite teardown" time="0.0">
    <ignored/>
  </testcase> <!-- @AfterSuite teardown -->
  <testcase classname="testcase.Baseclass" name="@AfterSuite teardown" time="0.0">
    <ignored/>
  </testcase> <!-- @AfterSuite teardown -->
</testsuite> <!-- Test -->
