<?xml version="1.0" encoding="UTF-8"?>
<!-- Generated by org.testng.reporters.JUnitXMLReporter -->
<testsuite ignored="8" hostname="DESKTOP-ES6GPGC" failures="0" tests="7" name="Test" time="10.566" errors="0" timestamp="2024-06-06T14:32:13 IST">
  <testcase classname="testcase.Tc_loginfuction_001" name="login" time="6.538"/>
  <testcase classname="testcase.Tc_sortitem_002" name="sort1" time="0.434"/>
  <testcase classname="testcase.Tc_sortitem_002" name="sort2" time="0.35"/>
  <testcase classname="testcase.Tc_sortitem_002" name="sort3" time="0.364"/>
  <testcase classname="testcase.Tc_addtocart_003" name="cart" time="2.308"/>
  <testcase classname="testcase.Tc_checkout_004" name="checkout" time="0.418"/>
  <testcase classname="testcase.Tc_priceview_005" name="price" time="0.054"/>
  <testcase classname="testcase.Baseclass" name="@BeforeSuite setup" time="0.0">
    <ignored/>
  </testcase> <!-- @BeforeSuite setup -->
  <testcase classname="testcase.Baseclass" name="@BeforeSuite setup" time="0.0">
    <ignored/>
  </testcase> <!-- @BeforeSuite setup -->
  <testcase classname="testcase.Baseclass" name="@BeforeSuite setup" time="0.0">
    <ignored/>
  </testcase> <!-- @BeforeSuite setup -->
  <testcase classname="testcase.Baseclass" name="@BeforeSuite setup" time="0.0">
    <ignored/>
  </testcase> <!-- @BeforeSuite setup -->
  <testcase classname="testcase.Baseclass" name="@AfterSuite teardown" time="0.0">
    <ignored/>
  </testcase> <!-- @AfterSuite teardown -->
  <testcase classname="testcase.Baseclass" name="@AfterSuite teardown" time="0.0">
    <ignored/>
  </testcase> <!-- @AfterSuite teardown -->
  <testcase classname="testcase.Baseclass" name="@AfterSuite teardown" time="0.0">
    <ignored/>
  </testcase> <!-- @AfterSuite teardown -->
  <testcase classname="testcase.Baseclass" name="@AfterSuite teardown" time="0.0">
    <ignored/>
  </testcase> <!-- @AfterSuite teardown -->
</testsuite> <!-- Test -->
