<?xml version="1.0" encoding="UTF-8"?>
<testng-results ignored="4" total="12" passed="8" failed="0" skipped="0">
  <reporter-output>
    <line>
      <![CDATA[username and pasword entered succesfully]]>
    </line>
    <line>
      <![CDATA[loged  succesfully]]>
    </line>
    <line>
      <![CDATA[moved to that element]]>
    </line>
    <line>
      <![CDATA[element clicked]]>
    </line>
  </reporter-output>
  <suite started-at="2024-06-26T05:41:02 IST" name="Suite" finished-at="2024-06-26T05:41:18 IST" duration-ms="15699">
    <groups>
    </groups>
    <test started-at="2024-06-26T05:41:02 IST" name="chromeTest" finished-at="2024-06-26T05:41:18 IST" duration-ms="15699">
      <class name="testcase.Tc_loginfuction_001">
        <test-method signature="browserlunch(java.lang.String)[pri:0, instance:testcase.Tc_loginfuction_001@5b1669c0]" started-at="2024-06-26T05:41:02 IST" name="browserlunch" finished-at="2024-06-26T05:41:08 IST" duration-ms="6187" status="PASS">
          <params>
            <param index="0">
              <value>
                <![CDATA[chrome]]>
              </value>
            </param>
          </params>
          <reporter-output>
          </reporter-output>
        </test-method> <!-- browserlunch -->
        <test-method is-config="true" signature="screenshot(org.testng.ITestResult)[pri:0, instance:testcase.Tc_loginfuction_001@5b1669c0]" started-at="2024-06-26T05:41:08 IST" name="screenshot" finished-at="2024-06-26T05:41:08 IST" duration-ms="2" status="PASS">
          <params>
            <param index="0">
              <value>
                <![CDATA[[TestResult name=browserlunch status=SUCCESS method=Tc_loginfuction_001.browserlunch(java.lang.String)[pri:0, instance:testcase.Tc_loginfuction_001@5b1669c0] output={null}]]]>
              </value>
            </param>
          </params>
          <reporter-output>
          </reporter-output>
        </test-method> <!-- screenshot -->
        <test-method signature="login()[pri:0, instance:testcase.Tc_loginfuction_001@5b1669c0]" started-at="2024-06-26T05:41:08 IST" name="login" finished-at="2024-06-26T05:41:15 IST" duration-ms="6342" status="PASS">
          <reporter-output>
            <line>
              <![CDATA[username and pasword entered succesfully]]>
            </line>
            <line>
              <![CDATA[loged  succesfully]]>
            </line>
          </reporter-output>
        </test-method> <!-- login -->
        <test-method is-config="true" signature="screenshot(org.testng.ITestResult)[pri:0, instance:testcase.Tc_loginfuction_001@5b1669c0]" started-at="2024-06-26T05:41:15 IST" name="screenshot" finished-at="2024-06-26T05:41:15 IST" duration-ms="0" status="PASS">
          <params>
            <param index="0">
              <value>
                <![CDATA[[TestResult name=login status=SUCCESS method=Tc_loginfuction_001.login()[pri:0, instance:testcase.Tc_loginfuction_001@5b1669c0] output=username and pasword entered succesfully]]]>
              </value>
            </param>
          </params>
          <reporter-output>
          </reporter-output>
        </test-method> <!-- screenshot -->
        <test-method is-config="true" signature="teardown()[pri:0, instance:testcase.Tc_loginfuction_001@5b1669c0]" started-at="2024-06-26T05:41:18 IST" name="teardown" finished-at="2024-06-26T05:41:18 IST" duration-ms="151" status="PASS">
          <reporter-output>
          </reporter-output>
        </test-method> <!-- teardown -->
      </class> <!-- testcase.Tc_loginfuction_001 -->
      <class name="testcase.Tc_checkout_004">
        <test-method signature="checkout()[pri:0, instance:testcase.Tc_checkout_004@173ed316]" started-at="2024-06-26T05:41:18 IST" name="checkout" finished-at="2024-06-26T05:41:18 IST" duration-ms="270" status="PASS">
          <reporter-output>
          </reporter-output>
        </test-method> <!-- checkout -->
        <test-method is-config="true" signature="screenshot(org.testng.ITestResult)[pri:0, instance:testcase.Tc_checkout_004@173ed316]" started-at="2024-06-26T05:41:18 IST" name="screenshot" finished-at="2024-06-26T05:41:18 IST" duration-ms="0" status="PASS">
          <params>
            <param index="0">
              <value>
                <![CDATA[[TestResult name=checkout status=SUCCESS method=Tc_checkout_004.checkout()[pri:0, instance:testcase.Tc_checkout_004@173ed316] output={null}]]]>
              </value>
            </param>
          </params>
          <reporter-output>
          </reporter-output>
        </test-method> <!-- screenshot -->
      </class> <!-- testcase.Tc_checkout_004 -->
      <class name="testcase.Tc_priceview_005">
        <test-method signature="price()[pri:0, instance:testcase.Tc_priceview_005@17f62e33]" started-at="2024-06-26T05:41:18 IST" name="price" finished-at="2024-06-26T05:41:18 IST" duration-ms="44" status="PASS">
          <reporter-output>
          </reporter-output>
        </test-method> <!-- price -->
        <test-method is-config="true" signature="screenshot(org.testng.ITestResult)[pri:0, instance:testcase.Tc_priceview_005@17f62e33]" started-at="2024-06-26T05:41:18 IST" name="screenshot" finished-at="2024-06-26T05:41:18 IST" duration-ms="0" status="PASS">
          <params>
            <param index="0">
              <value>
                <![CDATA[[TestResult name=price status=SUCCESS method=Tc_priceview_005.price()[pri:0, instance:testcase.Tc_priceview_005@17f62e33] output={null}]]]>
              </value>
            </param>
          </params>
          <reporter-output>
          </reporter-output>
        </test-method> <!-- screenshot -->
      </class> <!-- testcase.Tc_priceview_005 -->
      <class name="testcase.Tc_addtocart_003">
        <test-method signature="cart()[pri:0, instance:testcase.Tc_addtocart_003@7674f035]" started-at="2024-06-26T05:41:15 IST" name="cart" finished-at="2024-06-26T05:41:18 IST" duration-ms="2191" status="PASS">
          <reporter-output>
            <line>
              <![CDATA[moved to that element]]>
            </line>
            <line>
              <![CDATA[element clicked]]>
            </line>
          </reporter-output>
        </test-method> <!-- cart -->
        <test-method is-config="true" signature="screenshot(org.testng.ITestResult)[pri:0, instance:testcase.Tc_addtocart_003@7674f035]" started-at="2024-06-26T05:41:18 IST" name="screenshot" finished-at="2024-06-26T05:41:18 IST" duration-ms="0" status="PASS">
          <params>
            <param index="0">
              <value>
                <![CDATA[[TestResult name=cart status=SUCCESS method=Tc_addtocart_003.cart()[pri:0, instance:testcase.Tc_addtocart_003@7674f035] output=moved to that element]]]>
              </value>
            </param>
          </params>
          <reporter-output>
          </reporter-output>
        </test-method> <!-- screenshot -->
      </class> <!-- testcase.Tc_addtocart_003 -->
      <class name="testcase.Tc_sortitem_002">
        <test-method signature="sort1()[pri:0, instance:testcase.Tc_sortitem_002@2cf3d63b]" started-at="2024-06-26T05:41:15 IST" name="sort1" finished-at="2024-06-26T05:41:15 IST" duration-ms="252" status="PASS">
          <reporter-output>
          </reporter-output>
        </test-method> <!-- sort1 -->
        <test-method is-config="true" signature="screenshot(org.testng.ITestResult)[pri:0, instance:testcase.Tc_sortitem_002@2cf3d63b]" started-at="2024-06-26T05:41:15 IST" name="screenshot" finished-at="2024-06-26T05:41:15 IST" duration-ms="1" status="PASS">
          <params>
            <param index="0">
              <value>
                <![CDATA[[TestResult name=sort1 status=SUCCESS method=Tc_sortitem_002.sort1()[pri:0, instance:testcase.Tc_sortitem_002@2cf3d63b] output={null}]]]>
              </value>
            </param>
          </params>
          <reporter-output>
          </reporter-output>
        </test-method> <!-- screenshot -->
        <test-method signature="sort2()[pri:0, instance:testcase.Tc_sortitem_002@2cf3d63b]" started-at="2024-06-26T05:41:15 IST" name="sort2" finished-at="2024-06-26T05:41:15 IST" duration-ms="189" status="PASS">
          <reporter-output>
          </reporter-output>
        </test-method> <!-- sort2 -->
        <test-method is-config="true" signature="screenshot(org.testng.ITestResult)[pri:0, instance:testcase.Tc_sortitem_002@2cf3d63b]" started-at="2024-06-26T05:41:15 IST" name="screenshot" finished-at="2024-06-26T05:41:15 IST" duration-ms="0" status="PASS">
          <params>
            <param index="0">
              <value>
                <![CDATA[[TestResult name=sort2 status=SUCCESS method=Tc_sortitem_002.sort2()[pri:0, instance:testcase.Tc_sortitem_002@2cf3d63b] output={null}]]]>
              </value>
            </param>
          </params>
          <reporter-output>
          </reporter-output>
        </test-method> <!-- screenshot -->
        <test-method signature="sort3()[pri:0, instance:testcase.Tc_sortitem_002@2cf3d63b]" started-at="2024-06-26T05:41:15 IST" name="sort3" finished-at="2024-06-26T05:41:15 IST" duration-ms="174" status="PASS">
          <reporter-output>
          </reporter-output>
        </test-method> <!-- sort3 -->
        <test-method is-config="true" signature="screenshot(org.testng.ITestResult)[pri:0, instance:testcase.Tc_sortitem_002@2cf3d63b]" started-at="2024-06-26T05:41:15 IST" name="screenshot" finished-at="2024-06-26T05:41:15 IST" duration-ms="0" status="PASS">
          <params>
            <param index="0">
              <value>
                <![CDATA[[TestResult name=sort3 status=SUCCESS method=Tc_sortitem_002.sort3()[pri:0, instance:testcase.Tc_sortitem_002@2cf3d63b] output={null}]]]>
              </value>
            </param>
          </params>
          <reporter-output>
          </reporter-output>
        </test-method> <!-- screenshot -->
      </class> <!-- testcase.Tc_sortitem_002 -->
    </test> <!-- chromeTest -->
  </suite> <!-- Suite -->
</testng-results>
